[1010/095810.962:ERROR:directory_reader_win.cc(43)] FindFirstFile: The system cannot find the path specified. (0x3)
[1010/100220.494:ERROR:process_reader_win.cc(123)] NtOpenThread: {Access Denied} A process has requested access to an object, but has not been granted those access rights. (0xc0000022)
[1010/100220.498:ERROR:exception_snapshot_win.cc(99)] thread ID 23848 not found in process
[1010/100220.549:ERROR:process_reader_win.cc(123)] NtOpenThread: {Access Denied} A process has requested access to an object, but has not been granted those access rights. (0xc0000022)
[1010/100220.549:ERROR:exception_snapshot_win.cc(99)] thread ID 8512 not found in process
[1010/100739.038:ERROR:process_reader_win.cc(123)] NtOpenThread: {Access Denied} A process has requested access to an object, but has not been granted those access rights. (0xc0000022)
[1010/100739.042:ERROR:exception_snapshot_win.cc(99)] thread ID 20544 not found in process
[1010/100739.048:ERROR:process_reader_win.cc(123)] NtOpenThread: {Access Denied} A process has requested access to an object, but has not been granted those access rights. (0xc0000022)
[1010/100739.048:ERROR:exception_snapshot_win.cc(99)] thread ID 3664 not found in process
[1010/100739.089:ERROR:process_reader_win.cc(123)] NtOpenThread: {Access Denied} A process has requested access to an object, but has not been granted those access rights. (0xc0000022)
[1010/100739.089:ERROR:exception_snapshot_win.cc(99)] thread ID 21248 not found in process
[1010/101221.170:ERROR:process_reader_win.cc(123)] NtOpenThread: {Access Denied} A process has requested access to an object, but has not been granted those access rights. (0xc0000022)
[1010/101221.171:ERROR:exception_snapshot_win.cc(99)] thread ID 6312 not found in process
[1010/101221.203:ERROR:process_reader_win.cc(123)] NtOpenThread: {Access Denied} A process has requested access to an object, but has not been granted those access rights. (0xc0000022)
[1010/101221.204:ERROR:exception_snapshot_win.cc(99)] thread ID 7796 not found in process
[1010/101221.314:ERROR:process_reader_win.cc(123)] NtOpenThread: {Access Denied} A process has requested access to an object, but has not been granted those access rights. (0xc0000022)
[1010/101221.315:ERROR:exception_snapshot_win.cc(99)] thread ID 15612 not found in process
[1010/101221.351:ERROR:process_reader_win.cc(123)] NtOpenThread: {Access Denied} A process has requested access to an object, but has not been granted those access rights. (0xc0000022)
[1010/101221.352:ERROR:exception_snapshot_win.cc(99)] thread ID 20284 not found in process
[1010/101221.352:ERROR:scoped_process_suspend.cc(40)] NtResumeProcess: An attempt was made to access an exiting process. (0xc000010a)
[1010/101221.398:ERROR:process_reader_win.cc(123)] NtOpenThread: {Access Denied} A process has requested access to an object, but has not been granted those access rights. (0xc0000022)
[1010/101221.399:ERROR:exception_snapshot_win.cc(99)] thread ID 18644 not found in process
[1010/101221.454:ERROR:process_reader_win.cc(123)] NtOpenThread: {Access Denied} A process has requested access to an object, but has not been granted those access rights. (0xc0000022)
[1010/101221.454:ERROR:exception_snapshot_win.cc(99)] thread ID 19132 not found in process
[1010/101221.455:ERROR:scoped_process_suspend.cc(40)] NtResumeProcess: An attempt was made to access an exiting process. (0xc000010a)
[1010/214740.032:ERROR:process_reader_win.cc(123)] NtOpenThread: {Access Denied} A process has requested access to an object, but has not been granted those access rights. (0xc0000022)
[1010/214740.033:ERROR:exception_snapshot_win.cc(99)] thread ID 10308 not found in process
[1010/214740.051:ERROR:process_reader_win.cc(123)] NtOpenThread: {Access Denied} A process has requested access to an object, but has not been granted those access rights. (0xc0000022)
[1010/214740.052:ERROR:exception_snapshot_win.cc(99)] thread ID 16024 not found in process
[1010/224911.493:ERROR:process_reader_win.cc(151)] SuspendThread: Access is denied. (0x5)
[1010/224911.494:ERROR:process_reader_win.cc(123)] NtOpenThread: {Access Denied} A process has requested access to an object, but has not been granted those access rights. (0xc0000022)
[1010/224911.494:ERROR:exception_snapshot_win.cc(99)] thread ID 7116 not found in process
[1010/224911.542:ERROR:process_reader_win.cc(123)] NtOpenThread: {Access Denied} A process has requested access to an object, but has not been granted those access rights. (0xc0000022)
[1010/224911.542:ERROR:exception_snapshot_win.cc(99)] thread ID 6668 not found in process
[1012/155215.139:ERROR:process_reader_win.cc(151)] SuspendThread: Access is denied. (0x5)
[1012/155215.142:ERROR:process_reader_win.cc(151)] SuspendThread: Access is denied. (0x5)
[1012/155215.142:ERROR:process_reader_win.cc(151)] SuspendThread: Access is denied. (0x5)
[1012/155215.142:ERROR:process_reader_win.cc(151)] SuspendThread: Access is denied. (0x5)
[1012/155215.143:ERROR:process_reader_win.cc(151)] SuspendThread: Access is denied. (0x5)
[1012/155215.144:ERROR:process_reader_win.cc(151)] SuspendThread: Access is denied. (0x5)
[1012/155215.144:ERROR:process_reader_win.cc(151)] SuspendThread: Access is denied. (0x5)
[1012/155215.144:ERROR:process_reader_win.cc(151)] SuspendThread: Access is denied. (0x5)
[1012/155215.144:ERROR:process_reader_win.cc(151)] SuspendThread: Access is denied. (0x5)
[1012/155215.144:ERROR:process_reader_win.cc(151)] SuspendThread: Access is denied. (0x5)
[1012/155215.144:ERROR:process_reader_win.cc(123)] NtOpenThread: {Access Denied} A process has requested access to an object, but has not been granted those access rights. (0xc0000022)
[1012/155215.145:ERROR:exception_snapshot_win.cc(99)] thread ID 29152 not found in process
[1012/155215.236:ERROR:process_reader_win.cc(151)] SuspendThread: Access is denied. (0x5)
[1012/155215.236:ERROR:process_reader_win.cc(151)] SuspendThread: Access is denied. (0x5)
[1012/155215.237:ERROR:process_reader_win.cc(151)] SuspendThread: Access is denied. (0x5)
[1012/155215.237:ERROR:process_reader_win.cc(151)] SuspendThread: Access is denied. (0x5)
[1012/155215.238:ERROR:process_reader_win.cc(151)] SuspendThread: Access is denied. (0x5)
[1012/155215.238:ERROR:process_reader_win.cc(123)] NtOpenThread: {Access Denied} A process has requested access to an object, but has not been granted those access rights. (0xc0000022)
[1012/155215.238:ERROR:exception_snapshot_win.cc(99)] thread ID 21448 not found in process
[1012/155216.063:ERROR:process_reader_win.cc(151)] SuspendThread: Access is denied. (0x5)
[1012/155216.066:ERROR:process_reader_win.cc(151)] SuspendThread: Access is denied. (0x5)
[1012/155216.066:ERROR:process_reader_win.cc(151)] SuspendThread: Access is denied. (0x5)
[1012/155216.066:ERROR:process_reader_win.cc(123)] NtOpenThread: {Access Denied} A process has requested access to an object, but has not been granted those access rights. (0xc0000022)
[1012/155216.068:ERROR:exception_snapshot_win.cc(99)] thread ID 4672 not found in process
[1012/155359.031:ERROR:process_reader_win.cc(151)] SuspendThread: Access is denied. (0x5)
[1012/155359.032:ERROR:process_reader_win.cc(151)] SuspendThread: Access is denied. (0x5)
[1012/155359.032:ERROR:process_reader_win.cc(123)] NtOpenThread: {Access Denied} A process has requested access to an object, but has not been granted those access rights. (0xc0000022)
[1012/155359.033:ERROR:exception_snapshot_win.cc(99)] thread ID 1672 not found in process
[1012/155359.075:ERROR:process_reader_win.cc(123)] NtOpenThread: {Access Denied} A process has requested access to an object, but has not been granted those access rights. (0xc0000022)
[1012/155359.075:ERROR:exception_snapshot_win.cc(99)] thread ID 11468 not found in process
[1012/155911.640:ERROR:process_reader_win.cc(151)] SuspendThread: Access is denied. (0x5)
[1012/155911.641:ERROR:process_reader_win.cc(151)] SuspendThread: Access is denied. (0x5)
[1012/155911.642:ERROR:process_reader_win.cc(123)] NtOpenThread: {Access Denied} A process has requested access to an object, but has not been granted those access rights. (0xc0000022)
[1012/155911.642:ERROR:exception_snapshot_win.cc(99)] thread ID 21392 not found in process
[1012/155911.662:ERROR:process_reader_win.cc(123)] NtOpenThread: {Access Denied} A process has requested access to an object, but has not been granted those access rights. (0xc0000022)
[1012/155911.662:ERROR:exception_snapshot_win.cc(99)] thread ID 29064 not found in process
[1012/160100.243:ERROR:process_reader_win.cc(151)] SuspendThread: Access is denied. (0x5)
[1012/160100.265:ERROR:process_reader_win.cc(151)] SuspendThread: Access is denied. (0x5)
[1012/160100.251:ERROR:process_reader_win.cc(151)] SuspendThread: Access is denied. (0x5)
[1012/160100.265:ERROR:process_reader_win.cc(123)] NtOpenThread: {Access Denied} A process has requested access to an object, but has not been granted those access rights. (0xc0000022)
[1012/160100.266:ERROR:exception_snapshot_win.cc(99)] thread ID 30152 not found in process
[1012/160100.265:ERROR:process_reader_win.cc(123)] NtOpenThread: {Access Denied} A process has requested access to an object, but has not been granted those access rights. (0xc0000022)
[1012/160100.266:ERROR:exception_snapshot_win.cc(99)] thread ID 30100 not found in process
[1012/160100.269:ERROR:process_reader_win.cc(151)] SuspendThread: Access is denied. (0x5)
[1012/160100.278:ERROR:process_reader_win.cc(151)] SuspendThread: Access is denied. (0x5)
[1012/160100.280:ERROR:process_reader_win.cc(151)] SuspendThread: Access is denied. (0x5)
[1012/160100.282:ERROR:process_reader_win.cc(151)] SuspendThread: Access is denied. (0x5)
[1012/160100.282:ERROR:process_reader_win.cc(123)] NtOpenThread: {Access Denied} A process has requested access to an object, but has not been granted those access rights. (0xc0000022)
[1012/160100.282:ERROR:exception_snapshot_win.cc(99)] thread ID 29628 not found in process
[1012/160210.856:ERROR:process_reader_win.cc(151)] SuspendThread: Access is denied. (0x5)
[1012/160210.856:ERROR:process_reader_win.cc(151)] SuspendThread: Access is denied. (0x5)
[1012/160210.856:ERROR:process_reader_win.cc(123)] NtOpenThread: {Access Denied} A process has requested access to an object, but has not been granted those access rights. (0xc0000022)
[1012/160210.857:ERROR:exception_snapshot_win.cc(99)] thread ID 30296 not found in process
[1012/160210.925:ERROR:process_reader_win.cc(151)] SuspendThread: Access is denied. (0x5)
[1012/160210.927:ERROR:process_reader_win.cc(151)] SuspendThread: Access is denied. (0x5)
[1012/160210.927:ERROR:process_reader_win.cc(151)] SuspendThread: Access is denied. (0x5)
[1012/160210.928:ERROR:process_reader_win.cc(151)] SuspendThread: Access is denied. (0x5)
[1012/160210.928:ERROR:process_reader_win.cc(151)] SuspendThread: Access is denied. (0x5)
[1012/160210.929:ERROR:process_reader_win.cc(151)] SuspendThread: Access is denied. (0x5)
[1012/160210.929:ERROR:process_reader_win.cc(123)] NtOpenThread: {Access Denied} A process has requested access to an object, but has not been granted those access rights. (0xc0000022)
[1012/160210.929:ERROR:exception_snapshot_win.cc(99)] thread ID 28700 not found in process
[1012/160649.860:ERROR:process_reader_win.cc(151)] SuspendThread: Access is denied. (0x5)
[1012/160649.861:ERROR:process_reader_win.cc(151)] SuspendThread: Access is denied. (0x5)
[1012/160649.862:ERROR:process_reader_win.cc(123)] NtOpenThread: {Access Denied} A process has requested access to an object, but has not been granted those access rights. (0xc0000022)
[1012/160649.863:ERROR:exception_snapshot_win.cc(99)] thread ID 27416 not found in process
[1012/160649.958:ERROR:process_reader_win.cc(151)] SuspendThread: Access is denied. (0x5)
[1012/160649.958:ERROR:process_reader_win.cc(151)] SuspendThread: Access is denied. (0x5)
[1012/160649.959:ERROR:process_reader_win.cc(151)] SuspendThread: Access is denied. (0x5)
[1012/160649.959:ERROR:process_reader_win.cc(151)] SuspendThread: Access is denied. (0x5)
[1012/160649.960:ERROR:process_reader_win.cc(151)] SuspendThread: Access is denied. (0x5)
[1012/160649.960:ERROR:process_reader_win.cc(123)] NtOpenThread: {Access Denied} A process has requested access to an object, but has not been granted those access rights. (0xc0000022)
[1012/160649.961:ERROR:exception_snapshot_win.cc(99)] thread ID 3712 not found in process
[1012/190038.869:ERROR:process_reader_win.cc(123)] NtOpenThread: {Access Denied} A process has requested access to an object, but has not been granted those access rights. (0xc0000022)
[1012/190038.872:ERROR:exception_snapshot_win.cc(99)] thread ID 18580 not found in process
[1012/190038.882:ERROR:process_reader_win.cc(123)] NtOpenThread: {Access Denied} A process has requested access to an object, but has not been granted those access rights. (0xc0000022)
[1012/190038.882:ERROR:exception_snapshot_win.cc(99)] thread ID 17084 not found in process
[1012/190622.955:ERROR:process_reader_win.cc(123)] NtOpenThread: {Access Denied} A process has requested access to an object, but has not been granted those access rights. (0xc0000022)
[1012/190622.955:ERROR:exception_snapshot_win.cc(99)] thread ID 5156 not found in process
[1012/190622.969:ERROR:process_reader_win.cc(123)] NtOpenThread: {Access Denied} A process has requested access to an object, but has not been granted those access rights. (0xc0000022)
[1012/190622.969:ERROR:exception_snapshot_win.cc(99)] thread ID 15932 not found in process
[1012/191533.072:ERROR:process_reader_win.cc(123)] NtOpenThread: {Access Denied} A process has requested access to an object, but has not been granted those access rights. (0xc0000022)
[1012/191533.072:ERROR:exception_snapshot_win.cc(99)] thread ID 17268 not found in process
[1012/191533.087:ERROR:process_reader_win.cc(123)] NtOpenThread: {Access Denied} A process has requested access to an object, but has not been granted those access rights. (0xc0000022)
[1012/191533.087:ERROR:exception_snapshot_win.cc(99)] thread ID 15176 not found in process
[1012/192805.204:ERROR:directory_reader_win.cc(43)] FindFirstFile: The system cannot find the path specified. (0x3)
[1012/193706.872:ERROR:process_reader_win.cc(123)] NtOpenThread: {Access Denied} A process has requested access to an object, but has not been granted those access rights. (0xc0000022)
[1012/193706.873:ERROR:exception_snapshot_win.cc(99)] thread ID 15044 not found in process
[1012/193706.889:ERROR:process_reader_win.cc(123)] NtOpenThread: {Access Denied} A process has requested access to an object, but has not been granted those access rights. (0xc0000022)
[1012/193706.891:ERROR:exception_snapshot_win.cc(99)] thread ID 11184 not found in process
[1012/193743.671:ERROR:process_reader_win.cc(123)] NtOpenThread: {Access Denied} A process has requested access to an object, but has not been granted those access rights. (0xc0000022)
[1012/193743.671:ERROR:exception_snapshot_win.cc(99)] thread ID 19880 not found in process
[1012/193743.687:ERROR:process_reader_win.cc(123)] NtOpenThread: {Access Denied} A process has requested access to an object, but has not been granted those access rights. (0xc0000022)
[1012/193743.688:ERROR:exception_snapshot_win.cc(99)] thread ID 3380 not found in process
[1012/194310.236:ERROR:process_reader_win.cc(123)] NtOpenThread: {Access Denied} A process has requested access to an object, but has not been granted those access rights. (0xc0000022)
[1012/194310.237:ERROR:exception_snapshot_win.cc(99)] thread ID 15652 not found in process
[1012/194310.254:ERROR:process_reader_win.cc(123)] NtOpenThread: {Access Denied} A process has requested access to an object, but has not been granted those access rights. (0xc0000022)
[1012/194310.254:ERROR:exception_snapshot_win.cc(99)] thread ID 16212 not found in process
[1012/201825.012:ERROR:process_reader_win.cc(123)] NtOpenThread: {Access Denied} A process has requested access to an object, but has not been granted those access rights. (0xc0000022)
[1012/201825.013:ERROR:exception_snapshot_win.cc(99)] thread ID 2528 not found in process
[1012/204430.350:ERROR:process_reader_win.cc(123)] NtOpenThread: {Access Denied} A process has requested access to an object, but has not been granted those access rights. (0xc0000022)
[1012/204430.350:ERROR:exception_snapshot_win.cc(99)] thread ID 14560 not found in process
[1012/204430.355:ERROR:process_reader_win.cc(123)] NtOpenThread: {Access Denied} A process has requested access to an object, but has not been granted those access rights. (0xc0000022)
[1012/204430.355:ERROR:exception_snapshot_win.cc(99)] thread ID 16496 not found in process
[1012/204430.371:ERROR:process_reader_win.cc(123)] NtOpenThread: {Access Denied} A process has requested access to an object, but has not been granted those access rights. (0xc0000022)
[1012/204430.371:ERROR:exception_snapshot_win.cc(99)] thread ID 4496 not found in process
[1013/083640.308:ERROR:process_reader_win.cc(151)] SuspendThread: Access is denied. (0x5)
[1013/083640.309:ERROR:process_reader_win.cc(151)] SuspendThread: Access is denied. (0x5)
[1013/083640.309:ERROR:process_reader_win.cc(123)] NtOpenThread: {Access Denied} A process has requested access to an object, but has not been granted those access rights. (0xc0000022)
[1013/083640.310:ERROR:exception_snapshot_win.cc(99)] thread ID 30676 not found in process
[1013/083640.366:ERROR:process_reader_win.cc(151)] SuspendThread: Access is denied. (0x5)
[1013/083640.367:ERROR:process_reader_win.cc(151)] SuspendThread: Access is denied. (0x5)
[1013/083640.367:ERROR:process_reader_win.cc(151)] SuspendThread: Access is denied. (0x5)
[1013/083640.369:ERROR:process_reader_win.cc(151)] SuspendThread: Access is denied. (0x5)
[1013/083640.370:ERROR:process_reader_win.cc(151)] SuspendThread: Access is denied. (0x5)
[1013/083640.370:ERROR:process_reader_win.cc(123)] NtOpenThread: {Access Denied} A process has requested access to an object, but has not been granted those access rights. (0xc0000022)
[1013/083640.370:ERROR:exception_snapshot_win.cc(99)] thread ID 15576 not found in process
[1013/090912.503:ERROR:process_reader_win.cc(123)] NtOpenThread: {Access Denied} A process has requested access to an object, but has not been granted those access rights. (0xc0000022)
[1013/090912.505:ERROR:exception_snapshot_win.cc(99)] thread ID 16440 not found in process
[1013/090912.536:ERROR:process_reader_win.cc(123)] NtOpenThread: {Access Denied} A process has requested access to an object, but has not been granted those access rights. (0xc0000022)
[1013/090912.536:ERROR:exception_snapshot_win.cc(99)] thread ID 24780 not found in process
[1013/091100.060:ERROR:process_reader_win.cc(151)] SuspendThread: Access is denied. (0x5)
[1013/091100.060:ERROR:process_reader_win.cc(123)] NtOpenThread: {Access Denied} A process has requested access to an object, but has not been granted those access rights. (0xc0000022)
[1013/091100.061:ERROR:exception_snapshot_win.cc(99)] thread ID 20796 not found in process
[1013/091100.100:ERROR:process_reader_win.cc(123)] NtOpenThread: {Access Denied} A process has requested access to an object, but has not been granted those access rights. (0xc0000022)
[1013/091100.100:ERROR:exception_snapshot_win.cc(99)] thread ID 15716 not found in process
[1013/091111.454:ERROR:process_reader_win.cc(151)] SuspendThread: Access is denied. (0x5)
[1013/091111.454:ERROR:process_reader_win.cc(151)] SuspendThread: Access is denied. (0x5)
[1013/091111.454:ERROR:process_reader_win.cc(123)] NtOpenThread: {Access Denied} A process has requested access to an object, but has not been granted those access rights. (0xc0000022)
[1013/091111.455:ERROR:exception_snapshot_win.cc(99)] thread ID 25552 not found in process
[1013/091111.486:ERROR:process_reader_win.cc(151)] SuspendThread: Access is denied. (0x5)
[1013/091111.486:ERROR:process_reader_win.cc(123)] NtOpenThread: {Access Denied} A process has requested access to an object, but has not been granted those access rights. (0xc0000022)
[1013/091111.486:ERROR:exception_snapshot_win.cc(99)] thread ID 29784 not found in process
[1013/091111.490:ERROR:process_reader_win.cc(151)] SuspendThread: Access is denied. (0x5)
[1013/091111.493:ERROR:process_reader_win.cc(151)] SuspendThread: Access is denied. (0x5)
[1013/091111.493:ERROR:process_reader_win.cc(151)] SuspendThread: Access is denied. (0x5)
[1013/091111.494:ERROR:process_reader_win.cc(151)] SuspendThread: Access is denied. (0x5)
[1013/091111.494:ERROR:process_reader_win.cc(123)] NtOpenThread: {Access Denied} A process has requested access to an object, but has not been granted those access rights. (0xc0000022)
[1013/091111.494:ERROR:exception_snapshot_win.cc(99)] thread ID 18228 not found in process
[1013/112310.646:ERROR:process_reader_win.cc(151)] SuspendThread: Access is denied. (0x5)
[1013/112310.654:ERROR:process_reader_win.cc(151)] SuspendThread: Access is denied. (0x5)
[1013/112310.654:ERROR:process_reader_win.cc(123)] NtOpenThread: {Access Denied} A process has requested access to an object, but has not been granted those access rights. (0xc0000022)
[1013/112310.655:ERROR:exception_snapshot_win.cc(99)] thread ID 6832 not found in process
[1013/112310.660:ERROR:process_reader_win.cc(151)] SuspendThread: Access is denied. (0x5)
[1013/112310.661:ERROR:process_reader_win.cc(151)] SuspendThread: Access is denied. (0x5)
[1013/112310.661:ERROR:process_reader_win.cc(151)] SuspendThread: Access is denied. (0x5)
[1013/112310.661:ERROR:process_reader_win.cc(151)] SuspendThread: Access is denied. (0x5)
[1013/112310.662:ERROR:process_reader_win.cc(151)] SuspendThread: Access is denied. (0x5)
[1013/112310.662:ERROR:process_reader_win.cc(123)] NtOpenThread: {Access Denied} A process has requested access to an object, but has not been granted those access rights. (0xc0000022)
[1013/112310.662:ERROR:exception_snapshot_win.cc(99)] thread ID 8984 not found in process
[1013/115353.040:ERROR:process_reader_win.cc(151)] SuspendThread: Access is denied. (0x5)
[1013/115353.041:ERROR:process_reader_win.cc(151)] SuspendThread: Access is denied. (0x5)
[1013/115353.041:ERROR:process_reader_win.cc(123)] NtOpenThread: {Access Denied} A process has requested access to an object, but has not been granted those access rights. (0xc0000022)
[1013/115353.042:ERROR:exception_snapshot_win.cc(99)] thread ID 24684 not found in process
[1013/115353.070:ERROR:process_reader_win.cc(151)] SuspendThread: Access is denied. (0x5)
[1013/115353.071:ERROR:process_reader_win.cc(151)] SuspendThread: Access is denied. (0x5)
[1013/115353.071:ERROR:process_reader_win.cc(151)] SuspendThread: Access is denied. (0x5)
[1013/115353.072:ERROR:process_reader_win.cc(151)] SuspendThread: Access is denied. (0x5)
[1013/115353.072:ERROR:process_reader_win.cc(123)] NtOpenThread: {Access Denied} A process has requested access to an object, but has not been granted those access rights. (0xc0000022)
[1013/115353.072:ERROR:exception_snapshot_win.cc(99)] thread ID 29356 not found in process
[1013/191321.228:ERROR:directory_reader_win.cc(43)] FindFirstFile: The system cannot find the path specified. (0x3)
[1013/192744.891:ERROR:process_reader_win.cc(123)] NtOpenThread: {Access Denied} A process has requested access to an object, but has not been granted those access rights. (0xc0000022)
[1013/192744.893:ERROR:exception_snapshot_win.cc(99)] thread ID 11776 not found in process
[1013/192744.929:ERROR:process_reader_win.cc(123)] NtOpenThread: {Access Denied} A process has requested access to an object, but has not been granted those access rights. (0xc0000022)
[1013/192744.929:ERROR:exception_snapshot_win.cc(99)] thread ID 14092 not found in process
[1013/225411.846:ERROR:process_reader_win.cc(123)] NtOpenThread: {Access Denied} A process has requested access to an object, but has not been granted those access rights. (0xc0000022)
[1013/225411.847:ERROR:exception_snapshot_win.cc(99)] thread ID 10196 not found in process
[1013/225411.863:ERROR:process_reader_win.cc(123)] NtOpenThread: {Access Denied} A process has requested access to an object, but has not been granted those access rights. (0xc0000022)
[1013/225411.863:ERROR:exception_snapshot_win.cc(99)] thread ID 16428 not found in process
[1013/225617.729:ERROR:process_reader_win.cc(123)] NtOpenThread: {Access Denied} A process has requested access to an object, but has not been granted those access rights. (0xc0000022)
[1013/225617.731:ERROR:exception_snapshot_win.cc(99)] thread ID 9476 not found in process
[1013/225617.752:ERROR:process_reader_win.cc(123)] NtOpenThread: {Access Denied} A process has requested access to an object, but has not been granted those access rights. (0xc0000022)
[1013/225617.752:ERROR:exception_snapshot_win.cc(99)] thread ID 8064 not found in process
[1014/190235.212:ERROR:process_reader_win.cc(151)] SuspendThread: Access is denied. (0x5)
[1014/190235.215:ERROR:process_reader_win.cc(151)] SuspendThread: Access is denied. (0x5)
[1014/190235.215:ERROR:process_reader_win.cc(123)] NtOpenThread: {Access Denied} A process has requested access to an object, but has not been granted those access rights. (0xc0000022)
[1014/190235.216:ERROR:exception_snapshot_win.cc(99)] thread ID 960 not found in process
[1014/190235.253:ERROR:process_reader_win.cc(151)] SuspendThread: Access is denied. (0x5)
[1014/190235.254:ERROR:process_reader_win.cc(151)] SuspendThread: Access is denied. (0x5)
[1014/190235.254:ERROR:process_reader_win.cc(151)] SuspendThread: Access is denied. (0x5)
[1014/190235.255:ERROR:process_reader_win.cc(151)] SuspendThread: Access is denied. (0x5)
[1014/190235.255:ERROR:process_reader_win.cc(151)] SuspendThread: Access is denied. (0x5)
[1014/190235.256:ERROR:process_reader_win.cc(123)] NtOpenThread: {Access Denied} A process has requested access to an object, but has not been granted those access rights. (0xc0000022)
[1014/190235.256:ERROR:exception_snapshot_win.cc(99)] thread ID 1980 not found in process
[1014/190525.843:ERROR:process_reader_win.cc(123)] NtOpenThread: {Access Denied} A process has requested access to an object, but has not been granted those access rights. (0xc0000022)
[1014/190525.844:ERROR:exception_snapshot_win.cc(99)] thread ID 13816 not found in process
[1014/190525.872:ERROR:process_reader_win.cc(123)] NtOpenThread: {Access Denied} A process has requested access to an object, but has not been granted those access rights. (0xc0000022)
[1014/190525.873:ERROR:exception_snapshot_win.cc(99)] thread ID 3552 not found in process
[1014/191459.684:ERROR:process_reader_win.cc(151)] SuspendThread: Access is denied. (0x5)
[1014/191459.685:ERROR:process_reader_win.cc(123)] NtOpenThread: {Access Denied} A process has requested access to an object, but has not been granted those access rights. (0xc0000022)
[1014/191459.686:ERROR:exception_snapshot_win.cc(99)] thread ID 120 not found in process
[1014/191459.705:ERROR:process_reader_win.cc(123)] NtOpenThread: {Access Denied} A process has requested access to an object, but has not been granted those access rights. (0xc0000022)
[1014/191459.705:ERROR:exception_snapshot_win.cc(99)] thread ID 10808 not found in process
[1014/191519.636:ERROR:process_reader_win.cc(123)] NtOpenThread: {Access Denied} A process has requested access to an object, but has not been granted those access rights. (0xc0000022)
[1014/191519.637:ERROR:exception_snapshot_win.cc(99)] thread ID 11728 not found in process
[1014/191519.696:ERROR:process_reader_win.cc(123)] NtOpenThread: {Access Denied} A process has requested access to an object, but has not been granted those access rights. (0xc0000022)
[1014/191519.697:ERROR:exception_snapshot_win.cc(99)] thread ID 14880 not found in process
[1014/192057.358:ERROR:process_reader_win.cc(123)] NtOpenThread: {Access Denied} A process has requested access to an object, but has not been granted those access rights. (0xc0000022)
[1014/192057.360:ERROR:exception_snapshot_win.cc(99)] thread ID 5632 not found in process
[1014/192057.397:ERROR:process_reader_win.cc(123)] NtOpenThread: {Access Denied} A process has requested access to an object, but has not been granted those access rights. (0xc0000022)
[1014/192057.397:ERROR:exception_snapshot_win.cc(99)] thread ID 2448 not found in process
[1014/192919.240:ERROR:process_reader_win.cc(151)] SuspendThread: Access is denied. (0x5)
[1014/192919.240:ERROR:process_reader_win.cc(151)] SuspendThread: Access is denied. (0x5)
[1014/192919.241:ERROR:process_reader_win.cc(151)] SuspendThread: Access is denied. (0x5)
[1014/192919.241:ERROR:process_reader_win.cc(151)] SuspendThread: Access is denied. (0x5)
[1014/192919.241:ERROR:process_reader_win.cc(151)] SuspendThread: Access is denied. (0x5)
[1014/192919.241:ERROR:process_reader_win.cc(151)] SuspendThread: Access is denied. (0x5)
[1014/192919.241:ERROR:process_reader_win.cc(123)] NtOpenThread: {Access Denied} A process has requested access to an object, but has not been granted those access rights. (0xc0000022)
[1014/192919.242:ERROR:exception_snapshot_win.cc(99)] thread ID 9448 not found in process
[1014/192919.241:ERROR:process_reader_win.cc(123)] NtOpenThread: {Access Denied} A process has requested access to an object, but has not been granted those access rights. (0xc0000022)
[1014/192919.242:ERROR:exception_snapshot_win.cc(99)] thread ID 1756 not found in process
[1014/192919.296:ERROR:process_reader_win.cc(123)] NtOpenThread: {Access Denied} A process has requested access to an object, but has not been granted those access rights. (0xc0000022)
[1014/192919.296:ERROR:exception_snapshot_win.cc(99)] thread ID 8860 not found in process
[1014/192919.299:ERROR:process_reader_win.cc(123)] NtOpenThread: {Access Denied} A process has requested access to an object, but has not been granted those access rights. (0xc0000022)
[1014/192919.299:ERROR:exception_snapshot_win.cc(99)] thread ID 15348 not found in process
[1014/193022.066:ERROR:process_reader_win.cc(151)] SuspendThread: Access is denied. (0x5)
[1014/193022.067:ERROR:process_reader_win.cc(151)] SuspendThread: Access is denied. (0x5)
[1014/193022.067:ERROR:process_reader_win.cc(123)] NtOpenThread: {Access Denied} A process has requested access to an object, but has not been granted those access rights. (0xc0000022)
[1014/193022.067:ERROR:exception_snapshot_win.cc(99)] thread ID 5988 not found in process
[1014/193022.131:ERROR:process_reader_win.cc(151)] SuspendThread: Access is denied. (0x5)
[1014/193022.132:ERROR:process_reader_win.cc(151)] SuspendThread: Access is denied. (0x5)
[1014/193022.132:ERROR:process_reader_win.cc(151)] SuspendThread: Access is denied. (0x5)
[1014/193022.136:ERROR:process_reader_win.cc(151)] SuspendThread: Access is denied. (0x5)
[1014/193022.136:ERROR:process_reader_win.cc(151)] SuspendThread: Access is denied. (0x5)
[1014/193022.136:ERROR:process_reader_win.cc(123)] NtOpenThread: {Access Denied} A process has requested access to an object, but has not been granted those access rights. (0xc0000022)
[1014/193022.136:ERROR:exception_snapshot_win.cc(99)] thread ID 11636 not found in process
[1014/193047.991:ERROR:process_reader_win.cc(151)] SuspendThread: Access is denied. (0x5)
[1014/193047.994:ERROR:process_reader_win.cc(151)] SuspendThread: Access is denied. (0x5)
[1014/193047.994:ERROR:process_reader_win.cc(123)] NtOpenThread: {Access Denied} A process has requested access to an object, but has not been granted those access rights. (0xc0000022)
[1014/193047.994:ERROR:exception_snapshot_win.cc(99)] thread ID 16044 not found in process
[1014/193048.015:ERROR:process_reader_win.cc(123)] NtOpenThread: {Access Denied} A process has requested access to an object, but has not been granted those access rights. (0xc0000022)
[1014/193048.015:ERROR:exception_snapshot_win.cc(99)] thread ID 4988 not found in process
[1014/193750.340:ERROR:process_reader_win.cc(151)] SuspendThread: Access is denied. (0x5)
[1014/193750.342:ERROR:process_reader_win.cc(123)] NtOpenThread: {Access Denied} A process has requested access to an object, but has not been granted those access rights. (0xc0000022)
[1014/193750.343:ERROR:exception_snapshot_win.cc(99)] thread ID 6328 not found in process
[1014/193750.354:ERROR:process_reader_win.cc(151)] SuspendThread: Access is denied. (0x5)
[1014/193750.354:ERROR:process_reader_win.cc(151)] SuspendThread: Access is denied. (0x5)
[1014/193750.354:ERROR:process_reader_win.cc(123)] NtOpenThread: {Access Denied} A process has requested access to an object, but has not been granted those access rights. (0xc0000022)
[1014/193750.354:ERROR:exception_snapshot_win.cc(99)] thread ID 10280 not found in process
[1014/193750.381:ERROR:process_reader_win.cc(123)] NtOpenThread: {Access Denied} A process has requested access to an object, but has not been granted those access rights. (0xc0000022)
[1014/193750.381:ERROR:exception_snapshot_win.cc(99)] thread ID 15924 not found in process
[1014/195016.077:ERROR:process_reader_win.cc(123)] NtOpenThread: {Access Denied} A process has requested access to an object, but has not been granted those access rights. (0xc0000022)
[1014/195016.078:ERROR:exception_snapshot_win.cc(99)] thread ID 15908 not found in process
[1014/195134.221:ERROR:process_reader_win.cc(151)] SuspendThread: Access is denied. (0x5)
[1014/195134.222:ERROR:process_reader_win.cc(151)] SuspendThread: Access is denied. (0x5)
[1014/195134.222:ERROR:process_reader_win.cc(151)] SuspendThread: Access is denied. (0x5)
[1014/195134.222:ERROR:process_reader_win.cc(151)] SuspendThread: Access is denied. (0x5)
[1014/195134.222:ERROR:process_reader_win.cc(151)] SuspendThread: Access is denied. (0x5)
[1014/195134.222:ERROR:process_reader_win.cc(123)] NtOpenThread: {Access Denied} A process has requested access to an object, but has not been granted those access rights. (0xc0000022)
[1014/195134.223:ERROR:exception_snapshot_win.cc(99)] thread ID 2960 not found in process
[1014/195134.222:ERROR:process_reader_win.cc(123)] NtOpenThread: {Access Denied} A process has requested access to an object, but has not been granted those access rights. (0xc0000022)
[1014/195134.223:ERROR:exception_snapshot_win.cc(99)] thread ID 8720 not found in process
[1014/195134.256:ERROR:process_reader_win.cc(151)] SuspendThread: Access is denied. (0x5)
[1014/195134.256:ERROR:process_reader_win.cc(123)] NtOpenThread: {Access Denied} A process has requested access to an object, but has not been granted those access rights. (0xc0000022)
[1014/195134.256:ERROR:exception_snapshot_win.cc(99)] thread ID 16388 not found in process
[1014/195134.261:ERROR:process_reader_win.cc(151)] SuspendThread: Access is denied. (0x5)
[1014/195134.263:ERROR:process_reader_win.cc(151)] SuspendThread: Access is denied. (0x5)
[1014/195134.263:ERROR:process_reader_win.cc(151)] SuspendThread: Access is denied. (0x5)
[1014/195134.264:ERROR:process_reader_win.cc(151)] SuspendThread: Access is denied. (0x5)
[1014/195134.264:ERROR:process_reader_win.cc(151)] SuspendThread: Access is denied. (0x5)
[1014/195134.264:ERROR:process_reader_win.cc(123)] NtOpenThread: {Access Denied} A process has requested access to an object, but has not been granted those access rights. (0xc0000022)
[1014/195134.264:ERROR:exception_snapshot_win.cc(99)] thread ID 7112 not found in process
[1014/195134.275:ERROR:process_reader_win.cc(151)] SuspendThread: Access is denied. (0x5)
[1014/195134.276:ERROR:process_reader_win.cc(151)] SuspendThread: Access is denied. (0x5)
[1014/195134.276:ERROR:process_reader_win.cc(151)] SuspendThread: Access is denied. (0x5)
[1014/195134.277:ERROR:process_reader_win.cc(151)] SuspendThread: Access is denied. (0x5)
[1014/195134.277:ERROR:process_reader_win.cc(123)] NtOpenThread: {Access Denied} A process has requested access to an object, but has not been granted those access rights. (0xc0000022)
[1014/195134.277:ERROR:exception_snapshot_win.cc(99)] thread ID 7896 not found in process
[1014/195249.502:ERROR:process_reader_win.cc(151)] SuspendThread: Access is denied. (0x5)
[1014/195249.503:ERROR:process_reader_win.cc(123)] NtOpenThread: {Access Denied} A process has requested access to an object, but has not been granted those access rights. (0xc0000022)
[1014/195249.503:ERROR:exception_snapshot_win.cc(99)] thread ID 2052 not found in process
[1014/195249.577:ERROR:process_reader_win.cc(151)] SuspendThread: Access is denied. (0x5)
[1014/195249.583:ERROR:process_reader_win.cc(151)] SuspendThread: Access is denied. (0x5)
[1014/195249.583:ERROR:process_reader_win.cc(151)] SuspendThread: Access is denied. (0x5)
[1014/195249.584:ERROR:process_reader_win.cc(151)] SuspendThread: Access is denied. (0x5)
[1014/195249.584:ERROR:process_reader_win.cc(151)] SuspendThread: Access is denied. (0x5)
[1014/195249.587:ERROR:process_reader_win.cc(151)] SuspendThread: Access is denied. (0x5)
[1014/195249.587:ERROR:process_reader_win.cc(123)] NtOpenThread: {Access Denied} A process has requested access to an object, but has not been granted those access rights. (0xc0000022)
[1014/195249.587:ERROR:exception_snapshot_win.cc(99)] thread ID 8156 not found in process
[1014/195302.925:ERROR:process_reader_win.cc(123)] NtOpenThread: {Access Denied} A process has requested access to an object, but has not been granted those access rights. (0xc0000022)
[1014/195302.926:ERROR:exception_snapshot_win.cc(99)] thread ID 15324 not found in process
[1014/195302.930:ERROR:process_reader_win.cc(123)] NtOpenThread: {Access Denied} A process has requested access to an object, but has not been granted those access rights. (0xc0000022)
[1014/195302.930:ERROR:exception_snapshot_win.cc(99)] thread ID 2804 not found in process
[1014/195302.973:ERROR:process_reader_win.cc(123)] NtOpenThread: {Access Denied} A process has requested access to an object, but has not been granted those access rights. (0xc0000022)
[1014/195302.973:ERROR:exception_snapshot_win.cc(99)] thread ID 8164 not found in process
[1014/195341.297:ERROR:process_reader_win.cc(151)] SuspendThread: Access is denied. (0x5)
[1014/195341.298:ERROR:process_reader_win.cc(123)] NtOpenThread: {Access Denied} A process has requested access to an object, but has not been granted those access rights. (0xc0000022)
[1014/195341.298:ERROR:exception_snapshot_win.cc(99)] thread ID 17392 not found in process
[1014/195341.330:ERROR:process_reader_win.cc(123)] NtOpenThread: {Access Denied} A process has requested access to an object, but has not been granted those access rights. (0xc0000022)
[1014/195341.330:ERROR:exception_snapshot_win.cc(99)] thread ID 10768 not found in process
[1014/195413.049:ERROR:process_reader_win.cc(123)] NtOpenThread: {Access Denied} A process has requested access to an object, but has not been granted those access rights. (0xc0000022)
[1014/195413.051:ERROR:exception_snapshot_win.cc(99)] thread ID 14472 not found in process
[1014/195413.075:ERROR:process_reader_win.cc(123)] NtOpenThread: {Access Denied} A process has requested access to an object, but has not been granted those access rights. (0xc0000022)
[1014/195413.076:ERROR:exception_snapshot_win.cc(99)] thread ID 4032 not found in process
[1014/195453.671:ERROR:process_reader_win.cc(151)] SuspendThread: Access is denied. (0x5)
[1014/195453.674:ERROR:process_reader_win.cc(151)] SuspendThread: Access is denied. (0x5)
[1014/195453.674:ERROR:process_reader_win.cc(123)] NtOpenThread: {Access Denied} A process has requested access to an object, but has not been granted those access rights. (0xc0000022)
[1014/195453.675:ERROR:exception_snapshot_win.cc(99)] thread ID 10672 not found in process
[1014/195453.731:ERROR:process_reader_win.cc(151)] SuspendThread: Access is denied. (0x5)
[1014/195453.737:ERROR:process_reader_win.cc(151)] SuspendThread: Access is denied. (0x5)
[1014/195453.737:ERROR:process_reader_win.cc(151)] SuspendThread: Access is denied. (0x5)
[1014/195453.738:ERROR:process_reader_win.cc(151)] SuspendThread: Access is denied. (0x5)
[1014/195453.738:ERROR:process_reader_win.cc(151)] SuspendThread: Access is denied. (0x5)
[1014/195453.738:ERROR:process_reader_win.cc(123)] NtOpenThread: {Access Denied} A process has requested access to an object, but has not been granted those access rights. (0xc0000022)
[1014/195453.739:ERROR:exception_snapshot_win.cc(99)] thread ID 10476 not found in process
[1014/201912.921:ERROR:process_reader_win.cc(123)] NtOpenThread: {Access Denied} A process has requested access to an object, but has not been granted those access rights. (0xc0000022)
[1014/201912.925:ERROR:exception_snapshot_win.cc(99)] thread ID 14472 not found in process
[1014/201912.954:ERROR:process_reader_win.cc(123)] NtOpenThread: {Access Denied} A process has requested access to an object, but has not been granted those access rights. (0xc0000022)
[1014/201912.954:ERROR:exception_snapshot_win.cc(99)] thread ID 14280 not found in process
[1014/202118.354:ERROR:process_reader_win.cc(123)] NtOpenThread: {Access Denied} A process has requested access to an object, but has not been granted those access rights. (0xc0000022)
[1014/202118.357:ERROR:exception_snapshot_win.cc(99)] thread ID 10768 not found in process
[1014/202118.394:ERROR:process_reader_win.cc(123)] NtOpenThread: {Access Denied} A process has requested access to an object, but has not been granted those access rights. (0xc0000022)
[1014/202118.394:ERROR:exception_snapshot_win.cc(99)] thread ID 13512 not found in process
[1014/202323.084:ERROR:process_reader_win.cc(123)] NtOpenThread: {Access Denied} A process has requested access to an object, but has not been granted those access rights. (0xc0000022)
[1014/202323.086:ERROR:exception_snapshot_win.cc(99)] thread ID 15280 not found in process
[1014/202323.114:ERROR:process_reader_win.cc(123)] NtOpenThread: {Access Denied} A process has requested access to an object, but has not been granted those access rights. (0xc0000022)
[1014/202323.114:ERROR:exception_snapshot_win.cc(99)] thread ID 15980 not found in process
[1014/202619.299:ERROR:process_reader_win.cc(123)] NtOpenThread: {Access Denied} A process has requested access to an object, but has not been granted those access rights. (0xc0000022)
[1014/202619.300:ERROR:exception_snapshot_win.cc(99)] thread ID 15940 not found in process
[1014/202619.330:ERROR:process_reader_win.cc(123)] NtOpenThread: {Access Denied} A process has requested access to an object, but has not been granted those access rights. (0xc0000022)
[1014/202619.330:ERROR:exception_snapshot_win.cc(99)] thread ID 7364 not found in process
